2026-06-04 09:05:24 | DEBUG    | passlib.registry | register_crypt_handler:296 | registered 'bcrypt' handler: <class 'passlib.handlers.bcrypt.bcrypt'>
2026-06-04 09:05:45 | DEBUG    | passlib.registry | register_crypt_handler:296 | registered 'bcrypt' handler: <class 'passlib.handlers.bcrypt.bcrypt'>
2026-06-04 09:05:45 | WARNING  | passlib.handlers.bcrypt | _load_backend_mixin:622 | (trapped) error reading bcrypt version
Traceback (most recent call last):
  File "D:\log_analyzer_ex_app\mini-commerce\.venv\Lib\site-packages\passlib\handlers\bcrypt.py", line 620, in _load_backend_mixin
    version = _bcrypt.__about__.__version__
              ^^^^^^^^^^^^^^^^^
AttributeError: module 'bcrypt' has no attribute '__about__'
2026-06-04 09:05:45 | DEBUG    | passlib.handlers.bcrypt | _load_backend_mixin:625 | detected 'bcrypt' backend, version '<unknown>'
2026-06-04 09:05:45 | DEBUG    | passlib.handlers.bcrypt | _finalize_backend_mixin:406 | 'bcrypt' backend lacks $2$ support, enabling workaround
2026-06-04 09:05:54 | DEBUG    | passlib.registry | register_crypt_handler:296 | registered 'bcrypt' handler: <class 'passlib.handlers.bcrypt.bcrypt'>
2026-06-04 09:05:54 | INFO     | mini-commerce | <module>:22 | Database tables verified / created
2026-06-04 09:05:54 | INFO     | mini-commerce | startup:57 | Mini Commerce application started — version=1.0.0
2026-06-04 09:06:58 | DEBUG    | multipart.multipart | callback:626 | Calling on_field_start with no data
2026-06-04 09:06:58 | DEBUG    | multipart.multipart | callback:623 | Calling on_field_name with data[0:8]
2026-06-04 09:06:58 | DEBUG    | multipart.multipart | callback:623 | Calling on_field_data with data[9:13]
2026-06-04 09:06:58 | DEBUG    | multipart.multipart | callback:626 | Calling on_field_end with no data
2026-06-04 09:06:58 | DEBUG    | multipart.multipart | callback:626 | Calling on_field_start with no data
2026-06-04 09:06:58 | DEBUG    | multipart.multipart | callback:623 | Calling on_field_name with data[14:22]
2026-06-04 09:06:58 | DEBUG    | multipart.multipart | callback:623 | Calling on_field_data with data[23:30]
2026-06-04 09:06:58 | DEBUG    | multipart.multipart | callback:626 | Calling on_field_end with no data
2026-06-04 09:06:58 | DEBUG    | multipart.multipart | callback:626 | Calling on_end with no data
2026-06-04 09:06:58 | DEBUG    | mini-commerce.auth | login:47 | POST /login attempt for user=demo
2026-06-04 09:06:58 | WARNING  | passlib.handlers.bcrypt | _load_backend_mixin:622 | (trapped) error reading bcrypt version
Traceback (most recent call last):
  File "D:\log_analyzer_ex_app\mini-commerce\.venv\Lib\site-packages\passlib\handlers\bcrypt.py", line 620, in _load_backend_mixin
    version = _bcrypt.__about__.__version__
              ^^^^^^^^^^^^^^^^^
AttributeError: module 'bcrypt' has no attribute '__about__'
2026-06-04 09:06:58 | DEBUG    | passlib.handlers.bcrypt | _load_backend_mixin:625 | detected 'bcrypt' backend, version '<unknown>'
2026-06-04 09:06:58 | DEBUG    | passlib.handlers.bcrypt | _finalize_backend_mixin:406 | 'bcrypt' backend lacks $2$ support, enabling workaround
2026-06-04 09:06:58 | INFO     | mini-commerce.auth | login:68 | Login successful: username=demo user_id=2
2026-06-04 09:06:58 | DEBUG    | mini-commerce.products | products:22 | Fetching product list for user_id=2
2026-06-04 09:06:58 | ERROR    | mini-commerce | global_exception_handler:44 | Unhandled exception: path=/products method=GET error=Textual column expression 'Product' should be explicitly declared with text('Product'), or use column('Product') for more specificity
Traceback (most recent call last):
  File "D:\log_analyzer_ex_app\mini-commerce\.venv\Lib\site-packages\starlette\middleware\errors.py", line 165, in __call__
    await self.app(scope, receive, _send)
  File "D:\log_analyzer_ex_app\mini-commerce\.venv\Lib\site-packages\starlette\middleware\sessions.py", line 85, in __call__
    await self.app(scope, receive, send_wrapper)
  File "D:\log_analyzer_ex_app\mini-commerce\.venv\Lib\site-packages\starlette\middleware\exceptions.py", line 62, in __call__
    await wrap_app_handling_exceptions(self.app, conn)(scope, receive, send)
  File "D:\log_analyzer_ex_app\mini-commerce\.venv\Lib\site-packages\starlette\_exception_handler.py", line 62, in wrapped_app
    raise exc
  File "D:\log_analyzer_ex_app\mini-commerce\.venv\Lib\site-packages\starlette\_exception_handler.py", line 51, in wrapped_app
    await app(scope, receive, sender)
  File "D:\log_analyzer_ex_app\mini-commerce\.venv\Lib\site-packages\starlette\routing.py", line 715, in __call__
    await self.middleware_stack(scope, receive, send)
  File "D:\log_analyzer_ex_app\mini-commerce\.venv\Lib\site-packages\starlette\routing.py", line 735, in app
    await route.handle(scope, receive, send)
  File "D:\log_analyzer_ex_app\mini-commerce\.venv\Lib\site-packages\starlette\routing.py", line 288, in handle
    await self.app(scope, receive, send)
  File "D:\log_analyzer_ex_app\mini-commerce\.venv\Lib\site-packages\starlette\routing.py", line 76, in app
    await wrap_app_handling_exceptions(app, request)(scope, receive, send)
  File "D:\log_analyzer_ex_app\mini-commerce\.venv\Lib\site-packages\starlette\_exception_handler.py", line 62, in wrapped_app
    raise exc
  File "D:\log_analyzer_ex_app\mini-commerce\.venv\Lib\site-packages\starlette\_exception_handler.py", line 51, in wrapped_app
    await app(scope, receive, sender)
  File "D:\log_analyzer_ex_app\mini-commerce\.venv\Lib\site-packages\starlette\routing.py", line 73, in app
    response = await f(request)
               ^^^^^^^^^^^^^^^^
  File "D:\log_analyzer_ex_app\mini-commerce\.venv\Lib\site-packages\fastapi\routing.py", line 301, in app
    raw_response = await run_endpoint_function(
                   ^^^^^^^^^^^^^^^^^^^^^^^^^^^^
    ...<3 lines>...
    )
    ^
  File "D:\log_analyzer_ex_app\mini-commerce\.venv\Lib\site-packages\fastapi\routing.py", line 214, in run_endpoint_function
    return await run_in_threadpool(dependant.call, **values)
           ^^^^^^^^^^^^^^^^^^^^^^^^^^^^^^^^^^^^^^^^^^^^^^^^^
  File "D:\log_analyzer_ex_app\mini-commerce\.venv\Lib\site-packages\starlette\concurrency.py", line 39, in run_in_threadpool
    return await anyio.to_thread.run_sync(func, *args)
           ^^^^^^^^^^^^^^^^^^^^^^^^^^^^^^^^^^^^^^^^^^^
  File "D:\log_analyzer_ex_app\mini-commerce\.venv\Lib\site-packages\anyio\to_thread.py", line 63, in run_sync
    return await get_async_backend().run_sync_in_worker_thread(
           ^^^^^^^^^^^^^^^^^^^^^^^^^^^^^^^^^^^^^^^^^^^^^^^^^^^^
        func, args, abandon_on_cancel=abandon_on_cancel, limiter=limiter
        ^^^^^^^^^^^^^^^^^^^^^^^^^^^^^^^^^^^^^^^^^^^^^^^^^^^^^^^^^^^^^^^^
    )
    ^
  File "D:\log_analyzer_ex_app\mini-commerce\.venv\Lib\site-packages\anyio\_backends\_asyncio.py", line 2518, in run_sync_in_worker_thread
    return await future
           ^^^^^^^^^^^^
  File "D:\log_analyzer_ex_app\mini-commerce\.venv\Lib\site-packages\anyio\_backends\_asyncio.py", line 1002, in run
    result = context.run(func, *args)
  File "D:\log_analyzer_ex_app\mini-commerce\app\routes\products.py", line 23, in products
    product_list = db.query("Product").all()
                   ~~~~~~~~^^^^^^^^^^^
  File "D:\log_analyzer_ex_app\mini-commerce\.venv\Lib\site-packages\sqlalchemy\orm\session.py", line 2962, in query
    return self._query_cls(entities, self, **kwargs)
           ~~~~~~~~~~~~~~~^^^^^^^^^^^^^^^^^^^^^^^^^^
  File "D:\log_analyzer_ex_app\mini-commerce\.venv\Lib\site-packages\sqlalchemy\orm\query.py", line 277, in __init__
    self._set_entities(entities)
    ~~~~~~~~~~~~~~~~~~^^^^^^^^^^
  File "D:\log_analyzer_ex_app\mini-commerce\.venv\Lib\site-packages\sqlalchemy\orm\query.py", line 290, in _set_entities
    coercions.expect(
    ~~~~~~~~~~~~~~~~^
        roles.ColumnsClauseRole,
        ^^^^^^^^^^^^^^^^^^^^^^^^
    ...<2 lines>...
        post_inspect=True,
        ^^^^^^^^^^^^^^^^^^
    )
    ^
  File "D:\log_analyzer_ex_app\mini-commerce\.venv\Lib\site-packages\sqlalchemy\sql\coercions.py", line 396, in expect
    resolved = impl._literal_coercion(
        element, argname=argname, **kw
    )
  File "D:\log_analyzer_ex_app\mini-commerce\.venv\Lib\site-packages\sqlalchemy\sql\coercions.py", line 622, in _literal_coercion
    return self._text_coercion(element, argname, **kw)
           ~~~~~~~~~~~~~~~~~~~^^^^^^^^^^^^^^^^^^^^^^^^
  File "D:\log_analyzer_ex_app\mini-commerce\.venv\Lib\site-packages\sqlalchemy\sql\coercions.py", line 1141, in _text_coercion
    raise exc.ArgumentError(
    ...<11 lines>...
    )
sqlalchemy.exc.ArgumentError: Textual column expression 'Product' should be explicitly declared with text('Product'), or use column('Product') for more specificity
